<?xml version="1.0" encoding="UTF-8"?>
<!-- Generated by org.testng.reporters.JUnitReportReporter -->
<testsuite hostname="JAMOCHA30" failures="0" tests="3" name="net.testcases_worktimemodule.validate_workprofile_administrationmenu.WorkProfileForDelete" time="181.412" errors="0" timestamp="2024-06-28T12:08:23 IST" skipped="2">
  <testcase classname="net.testcases_worktimemodule.validate_workprofile_administrationmenu.WorkProfileForDelete" name="deletionOnWorkProfiles" time="15.956"/>
  <system-out/>
  <testcase classname="net.testcases_worktimemodule.validate_workprofile_administrationmenu.WorkProfileForDelete" name="deletionOnWorkProfiles" time="51.335">
    <skipped/>
  </testcase> <!-- deletionOnWorkProfiles -->
  <system-out/>
  <testcase classname="net.testcases_worktimemodule.validate_workprofile_administrationmenu.WorkProfileForDelete" name="deletionOnWorkProfiles" time="114.121">
    <skipped/>
  </testcase> <!-- deletionOnWorkProfiles -->
  <system-out/>
</testsuite> <!-- net.testcases_worktimemodule.validate_workprofile_administrationmenu.WorkProfileForDelete -->
