<?xml version="1.0" encoding="UTF-8"?>
<!-- Generated by org.testng.reporters.JUnitReportReporter -->
<testsuite hostname="JAMOCHA30" failures="0" tests="1" name="net.testcases_worktimemodule.OrganizationSetting.OrganizationManager2Label" time="15.624" errors="0" timestamp="2024-06-26T21:19:23 IST" skipped="0">
  <testcase classname="net.testcases_worktimemodule.OrganizationSetting.OrganizationManager2Label" name="organizationManager2Label" time="15.624"/>
  <system-out/>
</testsuite> <!-- net.testcases_worktimemodule.OrganizationSetting.OrganizationManager2Label -->
