<?xml version="1.0" encoding="UTF-8"?>
<!-- Generated by org.testng.reporters.JUnitReportReporter -->
<testsuite hostname="JAMOCHA30" failures="0" tests="1" name="net.testcases_worktimemodule.User_adminmenu.UsersEmailExportClose" time="13.420" errors="0" timestamp="2024-06-28T14:57:07 IST" skipped="0">
  <testcase classname="net.testcases_worktimemodule.User_adminmenu.UsersEmailExportClose" name="usersEmailExportClose" time="13.420"/>
  <system-out/>
</testsuite> <!-- net.testcases_worktimemodule.User_adminmenu.UsersEmailExportClose -->
