<?xml version="1.0" encoding="UTF-8"?>
<!-- Generated by org.testng.reporters.JUnitReportReporter -->
<testsuite hostname="JAMOCHA30" failures="0" tests="2" name="net.testcases_worktimemodule.usergroup_addmodifydelete_with_bulkupload_and_validate_offlinereports_in_mysql.ExcelDataValidationForUserGroupTable" time="31.503" errors="0" timestamp="2024-06-27T19:46:01 IST" skipped="1">
  <testcase classname="net.testcases_worktimemodule.usergroup_addmodifydelete_with_bulkupload_and_validate_offlinereports_in_mysql.ExcelDataValidationForUserGroupTable" name="excelValidateUserGroupInMysql" time="22.878"/>
  <system-out/>
  <testcase classname="net.testcases_worktimemodule.usergroup_addmodifydelete_with_bulkupload_and_validate_offlinereports_in_mysql.ExcelDataValidationForUserGroupTable" name="excelValidateUserGroupInMysql" time="8.625">
    <skipped/>
  </testcase> <!-- excelValidateUserGroupInMysql -->
  <system-out/>
</testsuite> <!-- net.testcases_worktimemodule.usergroup_addmodifydelete_with_bulkupload_and_validate_offlinereports_in_mysql.ExcelDataValidationForUserGroupTable -->
