<?xml version="1.0" encoding="UTF-8"?>
<!-- Generated by org.testng.reporters.JUnitReportReporter -->
<testsuite hostname="JAMOCHA30" failures="0" tests="1" name="net.testcases_worktimemodule.AOS.AOSBulkUpload" time="19.436" errors="0" timestamp="2024-06-26T21:19:21 IST" skipped="0">
  <testcase classname="net.testcases_worktimemodule.AOS.AOSBulkUpload" name="aosBulkUpload" time="19.436"/>
  <system-out/>
</testsuite> <!-- net.testcases_worktimemodule.AOS.AOSBulkUpload -->
