<?xml version="1.0" encoding="UTF-8"?>
<!-- Generated by org.testng.reporters.JUnitReportReporter -->
<testsuite hostname="JAMOCHA30" failures="0" tests="1" name="net.testcases_worktimemodule.OrganizationSetting.OrganizationDurationFormatExcelReport" time="22.799" errors="0" timestamp="2024-06-27T13:08:36 IST" skipped="0">
  <testcase classname="net.testcases_worktimemodule.OrganizationSetting.OrganizationDurationFormatExcelReport" name="organizationDurationFormatExcelReport" time="22.799"/>
  <system-out/>
</testsuite> <!-- net.testcases_worktimemodule.OrganizationSetting.OrganizationDurationFormatExcelReport -->
