<?xml version="1.0" encoding="UTF-8"?>
<!-- Generated by org.testng.reporters.JUnitReportReporter -->
<testsuite hostname="JAMOCHA30" failures="0" tests="2" name="net.testcases_superadmin.CustomAdapterDateVerification" time="35.791" errors="0" timestamp="2024-06-26T21:19:23 IST" skipped="1">
  <testcase classname="net.testcases_superadmin.CustomAdapterDateVerification" name="customAdapterDateVerification" time="22.870">
    <skipped/>
  </testcase> <!-- customAdapterDateVerification -->
  <system-out/>
  <testcase classname="net.testcases_superadmin.CustomAdapterDateVerification" name="customAdapterDateVerification" time="12.921"/>
  <system-out/>
</testsuite> <!-- net.testcases_superadmin.CustomAdapterDateVerification -->
