<?xml version="1.0" encoding="UTF-8"?>
<!-- Generated by org.testng.reporters.JUnitReportReporter -->
<testsuite hostname="JAMOCHA30" failures="0" tests="1" name="net.testcases_worktimemodule.usergroup_addmodifydelete_with_bulkupload_and_validate_offlinereports_in_mysql.UserGroupBulkUploadModifyMysql" time="34.399" errors="0" timestamp="2024-06-27T19:46:01 IST" skipped="0">
  <testcase classname="net.testcases_worktimemodule.usergroup_addmodifydelete_with_bulkupload_and_validate_offlinereports_in_mysql.UserGroupBulkUploadModifyMysql" name="modifyUserGroupInMysql" time="34.399"/>
  <system-out/>
</testsuite> <!-- net.testcases_worktimemodule.usergroup_addmodifydelete_with_bulkupload_and_validate_offlinereports_in_mysql.UserGroupBulkUploadModifyMysql -->
