<?xml version="1.0" encoding="UTF-8"?>
<!-- Generated by org.testng.reporters.JUnitReportReporter -->
<testsuite hostname="JAMOCHA30" failures="0" tests="3" name="net.testcases_worktimemodule.usergroup_addmodifydelete_with_bulkupload_and_validate_offlinereports_in_mysql.ModifyUserGroupInMysql" time="46.400" errors="0" timestamp="2024-06-27T19:46:01 IST" skipped="2">
  <testcase classname="net.testcases_worktimemodule.usergroup_addmodifydelete_with_bulkupload_and_validate_offlinereports_in_mysql.ModifyUserGroupInMysql" name="modifyUserGroupInMysql" time="7.562">
    <skipped/>
  </testcase> <!-- modifyUserGroupInMysql -->
  <system-out/>
  <testcase classname="net.testcases_worktimemodule.usergroup_addmodifydelete_with_bulkupload_and_validate_offlinereports_in_mysql.ModifyUserGroupInMysql" name="modifyUserGroupInMysql" time="30.081"/>
  <system-out/>
  <testcase classname="net.testcases_worktimemodule.usergroup_addmodifydelete_with_bulkupload_and_validate_offlinereports_in_mysql.ModifyUserGroupInMysql" name="modifyUserGroupInMysql" time="8.757">
    <skipped/>
  </testcase> <!-- modifyUserGroupInMysql -->
  <system-out/>
</testsuite> <!-- net.testcases_worktimemodule.usergroup_addmodifydelete_with_bulkupload_and_validate_offlinereports_in_mysql.ModifyUserGroupInMysql -->
