<?xml version="1.0" encoding="UTF-8"?>
<!-- Generated by org.testng.reporters.JUnitReportReporter -->
<testsuite hostname="JAMOCHA30" failures="0" tests="1" name="net.testcases_superadmin.SessionUtlitiliesDownloadValidation" time="10.606" errors="0" timestamp="2024-06-18T19:21:39 IST" skipped="0">
  <testcase classname="net.testcases_superadmin.SessionUtlitiliesDownloadValidation" name="sessionUtilitiesWithMissingRecordsToSelect" time="10.606"/>
  <system-out/>
</testsuite> <!-- net.testcases_superadmin.SessionUtlitiliesDownloadValidation -->
