<?xml version="1.0" encoding="UTF-8"?>
<!-- Generated by org.testng.reporters.JUnitReportReporter -->
<testsuite hostname="JAMOCHA30" failures="0" tests="1" name="net.testcases_worktimemodule.ClassficationNewOrg.EnableActivityTagsSetAndValidateInCategoryUsageTrendWidgets" time="30.585" errors="0" timestamp="2024-06-27T16:50:33 IST" skipped="0">
  <testcase classname="net.testcases_worktimemodule.ClassficationNewOrg.EnableActivityTagsSetAndValidateInCategoryUsageTrendWidgets" name="addActivityTagInCaficationAndValidateInWidget" time="30.585"/>
  <system-out/>
</testsuite> <!-- net.testcases_worktimemodule.ClassficationNewOrg.EnableActivityTagsSetAndValidateInCategoryUsageTrendWidgets -->
