<?xml version="1.0" encoding="UTF-8"?>
<!-- Generated by org.testng.reporters.JUnitReportReporter -->
<testsuite hostname="JAMOCHA30" failures="0" tests="1" name="net.testcases_worktimemodule.User_adminmenu.UsersAttributesForInactiveUsers" time="18.024" errors="0" timestamp="2024-06-28T15:56:29 IST" skipped="0">
  <testcase classname="net.testcases_worktimemodule.User_adminmenu.UsersAttributesForInactiveUsers" name="usersAttributesForInactiveUsers" time="18.024"/>
  <system-out/>
</testsuite> <!-- net.testcases_worktimemodule.User_adminmenu.UsersAttributesForInactiveUsers -->
