<?xml version="1.0" encoding="UTF-8"?>
<!-- Generated by org.testng.reporters.JUnitReportReporter -->
<testsuite hostname="JAMOCHA30" failures="0" tests="1" name="net.testcases_worktimemodule.supergroup_addmodifydelete_with_bulkupload_and_validate_offlinereports_in_mysql.SuperGroupBulkUploadModifyMysql" time="26.003" errors="0" timestamp="2024-06-26T21:19:21 IST" skipped="0">
  <testcase classname="net.testcases_worktimemodule.supergroup_addmodifydelete_with_bulkupload_and_validate_offlinereports_in_mysql.SuperGroupBulkUploadModifyMysql" name="superGroupBulkUploadModify" time="26.003"/>
  <system-out/>
</testsuite> <!-- net.testcases_worktimemodule.supergroup_addmodifydelete_with_bulkupload_and_validate_offlinereports_in_mysql.SuperGroupBulkUploadModifyMysql -->
