<?xml version="1.0" encoding="UTF-8"?>
<!-- Generated by org.testng.reporters.JUnitReportReporter -->
<testsuite hostname="JAMOCHA30" failures="0" tests="1" name="net.testcases_worktimemodule.OrganizationSettingsAddModifyDeleteForSuperadmin.AddNewOrganizations" time="93.527" errors="0" timestamp="2024-06-27T18:56:46 IST" skipped="0">
  <testcase classname="net.testcases_worktimemodule.OrganizationSettingsAddModifyDeleteForSuperadmin.AddNewOrganizations" name="addNewOrganizations" time="93.527"/>
  <system-out/>
</testsuite> <!-- net.testcases_worktimemodule.OrganizationSettingsAddModifyDeleteForSuperadmin.AddNewOrganizations -->
