<?xml version="1.0" encoding="UTF-8"?>
<!-- Generated by org.testng.reporters.JUnitReportReporter -->
<testsuite hostname="JAMOCHA30" failures="0" tests="1" name="net.testcases_worktimemodule.User_adminmenu.UsersLoggedinUsersByServiceMemory" time="21.553" errors="0" timestamp="2024-06-28T14:57:07 IST" skipped="0">
  <testcase classname="net.testcases_worktimemodule.User_adminmenu.UsersLoggedinUsersByServiceMemory" name="usersLoggedinUsersByServiceMemory" time="21.553"/>
  <system-out/>
</testsuite> <!-- net.testcases_worktimemodule.User_adminmenu.UsersLoggedinUsersByServiceMemory -->
