<?xml version="1.0" encoding="UTF-8"?>
<!-- Generated by org.testng.reporters.JUnitReportReporter -->
<testsuite hostname="JAMOCHA30" failures="0" tests="1" name="net.testcases_worktimemodule.User_adminmenu.UsersSearchValidation" time="18.388" errors="0" timestamp="2024-06-28T15:59:50 IST" skipped="0">
  <testcase classname="net.testcases_worktimemodule.User_adminmenu.UsersSearchValidation" name="usersSearchValidation" time="18.388"/>
  <system-out/>
</testsuite> <!-- net.testcases_worktimemodule.User_adminmenu.UsersSearchValidation -->
