<?xml version="1.0" encoding="UTF-8"?>
<!-- Generated by org.testng.reporters.JUnitReportReporter -->
<testsuite hostname="JAMOCHA30" failures="0" tests="2" name="net.testcases_superadmin.DistributedCacheSelectAllAndClear" time="37.296" errors="0" timestamp="2024-06-26T21:19:21 IST" skipped="1">
  <testcase classname="net.testcases_superadmin.DistributedCacheSelectAllAndClear" name="distributedCacheSelectAllAndClear" time="22.832">
    <skipped/>
  </testcase> <!-- distributedCacheSelectAllAndClear -->
  <system-out/>
  <testcase classname="net.testcases_superadmin.DistributedCacheSelectAllAndClear" name="distributedCacheSelectAllAndClear" time="14.464"/>
  <system-out/>
</testsuite> <!-- net.testcases_superadmin.DistributedCacheSelectAllAndClear -->
