<?xml version="1.0" encoding="UTF-8"?>
<!-- Generated by org.testng.reporters.JUnitReportReporter -->
<testsuite hostname="JAMOCHA30" failures="0" tests="2" name="net.testcases_worktimemodule.User_adminmenu.UsersExcelValidation" time="135.574" errors="0" timestamp="2024-06-26T21:19:21 IST" skipped="1">
  <testcase classname="net.testcases_worktimemodule.User_adminmenu.UsersExcelValidation" name="usersExcelValidation" time="68.571">
    <skipped/>
  </testcase> <!-- usersExcelValidation -->
  <system-out/>
  <testcase classname="net.testcases_worktimemodule.User_adminmenu.UsersExcelValidation" name="usersExcelValidation" time="67.003"/>
  <system-out/>
</testsuite> <!-- net.testcases_worktimemodule.User_adminmenu.UsersExcelValidation -->
