<?xml version="1.0" encoding="UTF-8"?>
<!-- Generated by org.testng.reporters.JUnitReportReporter -->
<testsuite hostname="JAMOCHA30" failures="0" tests="1" name="net.testcases_worktimemodule.OrganizationSetting.OrganizationAllowUsersToScheduleReports" time="25.064" errors="0" timestamp="2024-06-27T12:56:40 IST" skipped="0">
  <testcase classname="net.testcases_worktimemodule.OrganizationSetting.OrganizationAllowUsersToScheduleReports" name="organizationAllowUsersToScheduleReports" time="25.064"/>
  <system-out/>
</testsuite> <!-- net.testcases_worktimemodule.OrganizationSetting.OrganizationAllowUsersToScheduleReports -->
