<?xml version="1.0" encoding="UTF-8"?>
<!-- Generated by org.testng.reporters.JUnitReportReporter -->
<testsuite hostname="JAMOCHA30" failures="0" tests="2" name="net.testcases_worktimemodule.User_adminmenu.UsersLoggedinUsersByTrayMemory" time="42.477" errors="0" timestamp="2024-06-28T14:57:07 IST" skipped="1">
  <testcase classname="net.testcases_worktimemodule.User_adminmenu.UsersLoggedinUsersByTrayMemory" name="usersLoggedinUsersByTrayMemory" time="25.145"/>
  <system-out/>
  <testcase classname="net.testcases_worktimemodule.User_adminmenu.UsersLoggedinUsersByTrayMemory" name="usersLoggedinUsersByTrayMemory" time="17.332">
    <skipped/>
  </testcase> <!-- usersLoggedinUsersByTrayMemory -->
  <system-out/>
</testsuite> <!-- net.testcases_worktimemodule.User_adminmenu.UsersLoggedinUsersByTrayMemory -->
