<?xml version="1.0" encoding="UTF-8"?>
<!-- Generated by org.testng.reporters.JUnitReportReporter -->
<testsuite hostname="JAMOCHA30" failures="0" tests="2" name="net.testcases_worktimemodule.User_adminmenu.UsersLoggedinUsersByActivity" time="75.827" errors="0" timestamp="2024-06-28T14:43:21 IST" skipped="1">
  <testcase classname="net.testcases_worktimemodule.User_adminmenu.UsersLoggedinUsersByActivity" name="usersLoggedinUsersByHeartbeat" time="42.165">
    <skipped/>
  </testcase> <!-- usersLoggedinUsersByHeartbeat -->
  <system-out/>
  <testcase classname="net.testcases_worktimemodule.User_adminmenu.UsersLoggedinUsersByActivity" name="usersLoggedinUsersByHeartbeat" time="33.662"/>
  <system-out/>
</testsuite> <!-- net.testcases_worktimemodule.User_adminmenu.UsersLoggedinUsersByActivity -->
