<?xml version="1.0" encoding="UTF-8"?>
<!-- Generated by org.testng.reporters.JUnitReportReporter -->
<testsuite hostname="JAMOCHA30" failures="0" tests="2" name="net.testcases_worktimemodule.AOS.AOSAddNew" time="59.541" errors="0" timestamp="2024-06-26T21:19:21 IST" skipped="1">
  <testcase classname="net.testcases_worktimemodule.AOS.AOSAddNew" name="addNewFunction" time="33.813">
    <skipped/>
  </testcase> <!-- addNewFunction -->
  <system-out/>
  <testcase classname="net.testcases_worktimemodule.AOS.AOSAddNew" name="addNewFunction" time="25.728"/>
  <system-out/>
</testsuite> <!-- net.testcases_worktimemodule.AOS.AOSAddNew -->
