<?xml version="1.0" encoding="UTF-8"?>
<!-- Generated by org.testng.reporters.JUnitReportReporter -->
<testsuite hostname="JAMOCHA30" failures="0" tests="1" name="net.testcases_worktimemodule.OrganizationSettingsAddModifyDeleteForSuperadmin.ModifyOrganizations" time="24.233" errors="0" timestamp="2024-06-27T18:56:46 IST" skipped="0">
  <testcase classname="net.testcases_worktimemodule.OrganizationSettingsAddModifyDeleteForSuperadmin.ModifyOrganizations" name="modifyTheOrganization" time="24.233"/>
  <system-out/>
</testsuite> <!-- net.testcases_worktimemodule.OrganizationSettingsAddModifyDeleteForSuperadmin.ModifyOrganizations -->
