<?xml version="1.0" encoding="UTF-8"?>
<!-- Generated by org.testng.reporters.JUnitReportReporter -->
<testsuite hostname="JAMOCHA30" failures="0" tests="2" name="net.testcases_superadmin.DistributedCacheReload" time="40.325" errors="0" timestamp="2024-06-28T16:49:09 IST" skipped="1">
  <testcase classname="net.testcases_superadmin.DistributedCacheReload" name="distributedCacheReload" time="13.162"/>
  <system-out/>
  <testcase classname="net.testcases_superadmin.DistributedCacheReload" name="distributedCacheReload" time="27.163">
    <skipped/>
  </testcase> <!-- distributedCacheReload -->
  <system-out/>
</testsuite> <!-- net.testcases_superadmin.DistributedCacheReload -->
