<?xml version="1.0" encoding="UTF-8"?>
<!-- Generated by org.testng.reporters.JUnitReportReporter -->
<testsuite hostname="JAMOCHA30" failures="0" tests="1" name="net.testcases_worktimemodule.User_adminmenu.UsersLoggedinUsersByServiceCPU" time="24.839" errors="0" timestamp="2024-06-28T14:57:07 IST" skipped="0">
  <testcase classname="net.testcases_worktimemodule.User_adminmenu.UsersLoggedinUsersByServiceCPU" name="usersLoggedinUsersByServiceCPU" time="24.839"/>
  <system-out/>
</testsuite> <!-- net.testcases_worktimemodule.User_adminmenu.UsersLoggedinUsersByServiceCPU -->
