<?xml version="1.0" encoding="UTF-8"?>
<!-- Generated by org.testng.reporters.JUnitReportReporter -->
<testsuite hostname="JAMOCHA30" failures="0" tests="1" name="net.testcases_assetoptimizationmodule.softwaredefinitationCURDopertions.SoftwareDefinitationForSoftwareTagsCURD" time="26.804" errors="0" timestamp="2024-06-28T17:17:28 IST" skipped="0">
  <testcase classname="net.testcases_assetoptimizationmodule.softwaredefinitationCURDopertions.SoftwareDefinitationForSoftwareTagsCURD" name="softwareDefinitationForSoftwareTagsCURD" time="26.804"/>
  <system-out/>
</testsuite> <!-- net.testcases_assetoptimizationmodule.softwaredefinitationCURDopertions.SoftwareDefinitationForSoftwareTagsCURD -->
