<?xml version="1.0" encoding="UTF-8"?>
<!-- Generated by org.testng.reporters.JUnitReportReporter -->
<testsuite hostname="JAMOCHA30" failures="0" tests="2" name="net.testcases_wrokflowmodule.validate_customattribute_bulkupload.CustomAttributeWithDuplicateName" time="34.861" errors="0" timestamp="2024-06-26T21:19:21 IST" skipped="1">
  <testcase classname="net.testcases_wrokflowmodule.validate_customattribute_bulkupload.CustomAttributeWithDuplicateName" name="customAttributeWithDuplicateName" time="11.914">
    <skipped/>
  </testcase> <!-- customAttributeWithDuplicateName -->
  <system-out/>
  <testcase classname="net.testcases_wrokflowmodule.validate_customattribute_bulkupload.CustomAttributeWithDuplicateName" name="customAttributeWithDuplicateName" time="22.947"/>
  <system-out/>
</testsuite> <!-- net.testcases_wrokflowmodule.validate_customattribute_bulkupload.CustomAttributeWithDuplicateName -->
