<?xml version="1.0" encoding="UTF-8"?>
<!-- Generated by org.testng.reporters.JUnitReportReporter -->
<testsuite hostname="JAMOCHA30" failures="0" tests="1" name="net.testcases_superadmin.DataComponentsRefresh" time="9.244" errors="0" timestamp="2024-06-26T21:19:23 IST" skipped="0">
  <testcase classname="net.testcases_superadmin.DataComponentsRefresh" name="dataComponentsRefresh" time="9.244"/>
  <system-out/>
</testsuite> <!-- net.testcases_superadmin.DataComponentsRefresh -->
