<?xml version="1.0" encoding="UTF-8"?>
<!-- Generated by org.testng.reporters.JUnitReportReporter -->
<testsuite hostname="JAMOCHA30" failures="0" tests="1" name="net.testcases_worktimemodule.validate_user_roles_administrationmenu.UserRolesModifyManagerExportDataPermissionAllowUserToMail" time="33.547" errors="0" timestamp="2024-06-27T15:29:21 IST" skipped="0">
  <testcase classname="net.testcases_worktimemodule.validate_user_roles_administrationmenu.UserRolesModifyManagerExportDataPermissionAllowUserToMail" name="userRolesModifyManagerExportDataPermissionAllowUserToMail" time="33.547"/>
  <system-out/>
</testsuite> <!-- net.testcases_worktimemodule.validate_user_roles_administrationmenu.UserRolesModifyManagerExportDataPermissionAllowUserToMail -->
