<?xml version="1.0" encoding="UTF-8"?>
<!-- Generated by org.testng.reporters.JUnitReportReporter -->
<testsuite hostname="JAMOCHA30" failures="0" tests="2" name="net.testcases_worktimemodule.categories_category_administrationmenu.DeleteCategory" time="198.184" errors="0" timestamp="2024-06-26T21:19:23 IST" skipped="1">
  <testcase classname="net.testcases_worktimemodule.categories_category_administrationmenu.DeleteCategory" name="deleteCategory" time="59.377">
    <skipped/>
  </testcase> <!-- deleteCategory -->
  <system-out/>
  <testcase classname="net.testcases_worktimemodule.categories_category_administrationmenu.DeleteCategory" name="deleteCategory" time="138.807"/>
  <system-out/>
</testsuite> <!-- net.testcases_worktimemodule.categories_category_administrationmenu.DeleteCategory -->
