<?xml version="1.0" encoding="UTF-8"?>
<!-- Generated by org.testng.reporters.JUnitReportReporter -->
<testsuite hostname="JAMOCHA30" failures="0" tests="2" name="net.testcases_worktimemodule.User_adminmenu.UsersLoggedinUsersByClientMode" time="52.379" errors="0" timestamp="2024-06-28T14:47:07 IST" skipped="1">
  <testcase classname="net.testcases_worktimemodule.User_adminmenu.UsersLoggedinUsersByClientMode" name="usersLoggedinUsersByClientMode" time="28.063"/>
  <system-out/>
  <testcase classname="net.testcases_worktimemodule.User_adminmenu.UsersLoggedinUsersByClientMode" name="usersLoggedinUsersByClientMode" time="24.316">
    <skipped/>
  </testcase> <!-- usersLoggedinUsersByClientMode -->
  <system-out/>
</testsuite> <!-- net.testcases_worktimemodule.User_adminmenu.UsersLoggedinUsersByClientMode -->
