<?xml version="1.0" encoding="UTF-8"?>
<!-- Generated by org.testng.reporters.JUnitReportReporter -->
<testsuite hostname="JAMOCHA30" failures="0" tests="2" name="net.testcases_worktimemodule.data_aggregation_administrationmenu.DataAggregationForModificationOnSettingsTab" time="22.081" errors="0" timestamp="2024-06-26T21:19:23 IST" skipped="1">
  <testcase classname="net.testcases_worktimemodule.data_aggregation_administrationmenu.DataAggregationForModificationOnSettingsTab" name="modificationOnSettingsTab" time="11.065">
    <skipped/>
  </testcase> <!-- modificationOnSettingsTab -->
  <system-out/>
  <testcase classname="net.testcases_worktimemodule.data_aggregation_administrationmenu.DataAggregationForModificationOnSettingsTab" name="modificationOnSettingsTab" time="11.016"/>
  <system-out/>
</testsuite> <!-- net.testcases_worktimemodule.data_aggregation_administrationmenu.DataAggregationForModificationOnSettingsTab -->
