<?xml version="1.0" encoding="UTF-8"?>
<!-- Generated by org.testng.reporters.JUnitReportReporter -->
<testsuite hostname="JAMOCHA30" failures="0" tests="2" name="net.testcases_worktimemodule.User_adminmenu.UsersAttributesForActiveUsers" time="43.457" errors="0" timestamp="2024-06-28T15:56:29 IST" skipped="1">
  <testcase classname="net.testcases_worktimemodule.User_adminmenu.UsersAttributesForActiveUsers" name="usersAttributesForInactiveUsers" time="19.407"/>
  <system-out/>
  <testcase classname="net.testcases_worktimemodule.User_adminmenu.UsersAttributesForActiveUsers" name="usersAttributesForInactiveUsers" time="24.050">
    <skipped/>
  </testcase> <!-- usersAttributesForInactiveUsers -->
  <system-out/>
</testsuite> <!-- net.testcases_worktimemodule.User_adminmenu.UsersAttributesForActiveUsers -->
