<?xml version="1.0" encoding="UTF-8"?>
<!-- Generated by org.testng.reporters.JUnitReportReporter -->
<testsuite hostname="JAMOCHA30" failures="0" tests="1" name="net.testcases_worktimemodule.OrganizationSetting.AddNewOrganizations" time="39.905" errors="0" timestamp="2024-06-05T15:26:13 IST" skipped="0">
  <testcase classname="net.testcases_worktimemodule.OrganizationSetting.AddNewOrganizations" name="addNewOrganizations" time="39.905"/>
  <system-out/>
</testsuite> <!-- net.testcases_worktimemodule.OrganizationSetting.AddNewOrganizations -->
