<?xml version="1.0" encoding="UTF-8"?>
<!-- Generated by org.testng.reporters.JUnitReportReporter -->
<testsuite hostname="JAMOCHA30" failures="0" tests="1" name="net.testcases_worktimemodule.categories_activitytags_neworg_administrationmenu.ModifyActivityTag" time="23.572" errors="0" timestamp="2024-06-27T16:37:15 IST" skipped="0">
  <testcase classname="net.testcases_worktimemodule.categories_activitytags_neworg_administrationmenu.ModifyActivityTag" name="modifyActivityTag" time="23.572"/>
  <system-out/>
</testsuite> <!-- net.testcases_worktimemodule.categories_activitytags_neworg_administrationmenu.ModifyActivityTag -->
