<?xml version="1.0" encoding="UTF-8"?>
<!-- Generated by org.testng.reporters.JUnitReportReporter -->
<testsuite hostname="JAMOCHA30" failures="0" tests="1" name="net.testcases_worktimemodule.ClassficationNewOrg.EnabelActivityTagsAndSetParentValidationInCategories" time="71.121" errors="0" timestamp="2024-06-27T16:50:33 IST" skipped="0">
  <testcase classname="net.testcases_worktimemodule.ClassficationNewOrg.EnabelActivityTagsAndSetParentValidationInCategories" name="addActivityTagInCaficationAndSetParentValidation" time="71.121"/>
  <system-out/>
</testsuite> <!-- net.testcases_worktimemodule.ClassficationNewOrg.EnabelActivityTagsAndSetParentValidationInCategories -->
