<?xml version="1.0" encoding="UTF-8"?>
<!-- Generated by org.testng.reporters.JUnitReportReporter -->
<testsuite hostname="JAMOCHA30" failures="0" tests="2" name="net.testcases_worktimemodule.OrganizationSettingsAddModifyDeleteForSuperadmin.DeleteOrganizations" time="29.347" errors="0" timestamp="2024-06-27T17:54:41 IST" skipped="1">
  <testcase classname="net.testcases_worktimemodule.OrganizationSettingsAddModifyDeleteForSuperadmin.DeleteOrganizations" name="deleteTheOrganization" time="16.795">
    <skipped/>
  </testcase> <!-- deleteTheOrganization -->
  <system-out/>
  <testcase classname="net.testcases_worktimemodule.OrganizationSettingsAddModifyDeleteForSuperadmin.DeleteOrganizations" name="deleteTheOrganization" time="12.552"/>
  <system-out/>
</testsuite> <!-- net.testcases_worktimemodule.OrganizationSettingsAddModifyDeleteForSuperadmin.DeleteOrganizations -->
