<?xml version="1.0" encoding="UTF-8"?>
<!-- Generated by org.testng.reporters.JUnitReportReporter -->
<testsuite hostname="JAMOCHA30" failures="0" tests="2" name="net.testcases_worktimemodule.categories_activitytags_neworg_administrationmenu.ActivityTagsBulkUploadModify" time="129.547" errors="0" timestamp="2024-06-27T16:37:15 IST" skipped="1">
  <testcase classname="net.testcases_worktimemodule.categories_activitytags_neworg_administrationmenu.ActivityTagsBulkUploadModify" name="activityTagsBulkUploadModify" time="71.025">
    <skipped/>
  </testcase> <!-- activityTagsBulkUploadModify -->
  <system-out/>
  <testcase classname="net.testcases_worktimemodule.categories_activitytags_neworg_administrationmenu.ActivityTagsBulkUploadModify" name="activityTagsBulkUploadModify" time="58.522"/>
  <system-out/>
</testsuite> <!-- net.testcases_worktimemodule.categories_activitytags_neworg_administrationmenu.ActivityTagsBulkUploadModify -->
