<?xml version="1.0" encoding="UTF-8"?>
<!-- Generated by org.testng.reporters.JUnitReportReporter -->
<testsuite hostname="JAMOCHA30" failures="0" tests="1" name="net.testcases_wrokflowmodule.validate_customattribute_bulkupload.CustomAttributeWithModifyFieldType" time="17.985" errors="0" timestamp="2024-06-26T21:19:23 IST" skipped="0">
  <testcase classname="net.testcases_wrokflowmodule.validate_customattribute_bulkupload.CustomAttributeWithModifyFieldType" name="customAttributeWithModifyFieldType" time="17.985"/>
  <system-out/>
</testsuite> <!-- net.testcases_wrokflowmodule.validate_customattribute_bulkupload.CustomAttributeWithModifyFieldType -->
