<?xml version="1.0" encoding="UTF-8"?>
<!-- Generated by org.testng.reporters.JUnitReportReporter -->
<testsuite hostname="JAMOCHA30" failures="0" tests="2" name="net.testcases_worktimemodule.validate_user_roles_administrationmenu.UserRolesModifyManagerDontAllowUserToExportDataXLS" time="54.609" errors="0" timestamp="2024-06-27T15:08:27 IST" skipped="1">
  <testcase classname="net.testcases_worktimemodule.validate_user_roles_administrationmenu.UserRolesModifyManagerDontAllowUserToExportDataXLS" name="userRolesModifyManagerDontAllowUserToExportDataXLS" time="29.408">
    <skipped/>
  </testcase> <!-- userRolesModifyManagerDontAllowUserToExportDataXLS -->
  <system-out/>
  <testcase classname="net.testcases_worktimemodule.validate_user_roles_administrationmenu.UserRolesModifyManagerDontAllowUserToExportDataXLS" name="userRolesModifyManagerDontAllowUserToExportDataXLS" time="25.201"/>
  <system-out/>
</testsuite> <!-- net.testcases_worktimemodule.validate_user_roles_administrationmenu.UserRolesModifyManagerDontAllowUserToExportDataXLS -->
