<?xml version="1.0" encoding="UTF-8"?>
<!-- Generated by org.testng.reporters.JUnitReportReporter -->
<testsuite hostname="JAMOCHA30" failures="0" tests="1" name="net.testcases_worktimemodule.OrganizationSetting.OrganizationWhenNoDataIsReported" time="18.360" errors="0" timestamp="2024-06-27T14:01:07 IST" skipped="0">
  <testcase classname="net.testcases_worktimemodule.OrganizationSetting.OrganizationWhenNoDataIsReported" name="organizationWhenNoDataIsReported" time="18.360"/>
  <system-out/>
</testsuite> <!-- net.testcases_worktimemodule.OrganizationSetting.OrganizationWhenNoDataIsReported -->
