<?xml version="1.0" encoding="UTF-8"?>
<!-- Generated by org.testng.reporters.JUnitReportReporter -->
<testsuite hostname="JAMOCHA30" failures="0" tests="2" name="net.testcases_superadmin.PartitionManagerClear" time="29.902" errors="0" timestamp="2024-06-26T21:19:23 IST" skipped="1">
  <testcase classname="net.testcases_superadmin.PartitionManagerClear" name="partitionManagerClear" time="13.032">
    <skipped/>
  </testcase> <!-- partitionManagerClear -->
  <system-out/>
  <testcase classname="net.testcases_superadmin.PartitionManagerClear" name="partitionManagerClear" time="16.870"/>
  <system-out/>
</testsuite> <!-- net.testcases_superadmin.PartitionManagerClear -->
