<?xml version="1.0" encoding="UTF-8"?>
<!-- Generated by org.testng.reporters.JUnitReportReporter -->
<testsuite hostname="JAMOCHA30" failures="0" tests="1" name="net.testcases_worktimemodule.validate_userdomain_administrationmenu.UserDomainSortingFuncton" time="16.302" errors="0" timestamp="2024-06-26T21:19:21 IST" skipped="0">
  <testcase classname="net.testcases_worktimemodule.validate_userdomain_administrationmenu.UserDomainSortingFuncton" name="sortingFunction" time="16.302"/>
  <system-out/>
</testsuite> <!-- net.testcases_worktimemodule.validate_userdomain_administrationmenu.UserDomainSortingFuncton -->
