<?xml version="1.0" encoding="UTF-8"?>
<!-- Generated by org.testng.reporters.JUnitReportReporter -->
<testsuite hostname="JAMOCHA30" failures="0" tests="1" name="net.testcases_worktimemodule.OrganizationSetting.OrganizationEnableAccessControlIntegration" time="20.516" errors="0" timestamp="2024-06-27T13:53:30 IST" skipped="0">
  <testcase classname="net.testcases_worktimemodule.OrganizationSetting.OrganizationEnableAccessControlIntegration" name="organizationEnableAccessControlIntegration" time="20.516"/>
  <system-out/>
</testsuite> <!-- net.testcases_worktimemodule.OrganizationSetting.OrganizationEnableAccessControlIntegration -->
