<?xml version="1.0" encoding="UTF-8"?>
<!-- Generated by org.testng.reporters.JUnitReportReporter -->
<testsuite hostname="JAMOCHA30" failures="0" tests="2" name="net.testcases_worktimemodule.validate_userdomain_administrationmenu.UserDomainModify" time="37.131" errors="0" timestamp="2024-06-26T21:19:21 IST" skipped="1">
  <testcase classname="net.testcases_worktimemodule.validate_userdomain_administrationmenu.UserDomainModify" name="modifyFunction" time="22.788">
    <skipped/>
  </testcase> <!-- modifyFunction -->
  <system-out/>
  <testcase classname="net.testcases_worktimemodule.validate_userdomain_administrationmenu.UserDomainModify" name="modifyFunction" time="14.343"/>
  <system-out/>
</testsuite> <!-- net.testcases_worktimemodule.validate_userdomain_administrationmenu.UserDomainModify -->
