<?xml version="1.0" encoding="UTF-8"?>
<!-- Generated by org.testng.reporters.JUnitReportReporter -->
<testsuite hostname="JAMOCHA30" failures="0" tests="1" name="net.testcases_worktimemodule.BusinessHierarchy.HierarchyMappingBulkUploadForModifyConsoleId" time="15.723" errors="0" timestamp="2024-06-26T21:19:23 IST" skipped="0">
  <testcase classname="net.testcases_worktimemodule.BusinessHierarchy.HierarchyMappingBulkUploadForModifyConsoleId" name="hierarchyMappingBulkUploadCURD" time="15.723"/>
  <system-out/>
</testsuite> <!-- net.testcases_worktimemodule.BusinessHierarchy.HierarchyMappingBulkUploadForModifyConsoleId -->
