<?xml version="1.0" encoding="UTF-8"?>
<!-- Generated by org.testng.reporters.JUnitReportReporter -->
<testsuite hostname="JAMOCHA30" failures="0" tests="2" name="net.testcases_worktimemodule.User_adminmenu.UsersBulkUploadForActiveUsersWithMissingFields" time="47.051" errors="0" timestamp="2024-06-26T21:19:23 IST" skipped="1">
  <testcase classname="net.testcases_worktimemodule.User_adminmenu.UsersBulkUploadForActiveUsersWithMissingFields" name="usersBulkUploadForActiveUsersWithMissingFields" time="22.951">
    <skipped/>
  </testcase> <!-- usersBulkUploadForActiveUsersWithMissingFields -->
  <system-out/>
  <testcase classname="net.testcases_worktimemodule.User_adminmenu.UsersBulkUploadForActiveUsersWithMissingFields" name="usersBulkUploadForActiveUsersWithMissingFields" time="24.100"/>
  <system-out/>
</testsuite> <!-- net.testcases_worktimemodule.User_adminmenu.UsersBulkUploadForActiveUsersWithMissingFields -->
