<?xml version="1.0" encoding="UTF-8"?>
<!-- Generated by org.testng.reporters.JUnitReportReporter -->
<testsuite hostname="JAMOCHA30" failures="0" tests="2" name="net.testcases_worktimemodule.categories_activitytags_neworg_administrationmenu.ActivityTagsBulkUploadValidatePrefilldData" time="127.898" errors="0" timestamp="2024-06-27T16:37:15 IST" skipped="1">
  <testcase classname="net.testcases_worktimemodule.categories_activitytags_neworg_administrationmenu.ActivityTagsBulkUploadValidatePrefilldData" name="activityTagsBulkUploadValidatePrefilldData" time="71.491">
    <skipped/>
  </testcase> <!-- activityTagsBulkUploadValidatePrefilldData -->
  <system-out/>
  <testcase classname="net.testcases_worktimemodule.categories_activitytags_neworg_administrationmenu.ActivityTagsBulkUploadValidatePrefilldData" name="activityTagsBulkUploadValidatePrefilldData" time="56.407"/>
  <system-out/>
</testsuite> <!-- net.testcases_worktimemodule.categories_activitytags_neworg_administrationmenu.ActivityTagsBulkUploadValidatePrefilldData -->
