<?xml version="1.0" encoding="UTF-8"?>
<!-- Generated by org.testng.reporters.JUnitReportReporter -->
<testsuite hostname="JAMOCHA30" failures="0" tests="1" name="net.testcases_worktimemodule.OrganizationSettingsAddModifyDeleteForSuperadmin.organizationsDetailsPDFValidation" time="14.168" errors="0" timestamp="2024-06-27T17:54:41 IST" skipped="0">
  <testcase classname="net.testcases_worktimemodule.OrganizationSettingsAddModifyDeleteForSuperadmin.organizationsDetailsPDFValidation" name="organizationsDetailspdfValidation" time="14.168"/>
  <system-out/>
</testsuite> <!-- net.testcases_worktimemodule.OrganizationSettingsAddModifyDeleteForSuperadmin.organizationsDetailsPDFValidation -->
