<?xml version="1.0" encoding="UTF-8"?>
<!-- Generated by org.testng.reporters.JUnitReportReporter -->
<testsuite hostname="JAMOCHA30" failures="0" tests="1" name="net.testcases_worktimemodule.User_adminmenu.UserAttributeSearchValidation" time="11.042" errors="0" timestamp="2024-06-26T21:19:23 IST" skipped="0">
  <testcase classname="net.testcases_worktimemodule.User_adminmenu.UserAttributeSearchValidation" name="userAttributeSearchValidation" time="11.042"/>
  <system-out/>
</testsuite> <!-- net.testcases_worktimemodule.User_adminmenu.UserAttributeSearchValidation -->
