<?xml version="1.0" encoding="UTF-8"?>
<!-- Generated by org.testng.reporters.JUnitReportReporter -->
<testsuite hostname="JAMOCHA30" failures="0" tests="1" name="net.testcases_worktimemodule.User_adminmenu.UsersBulkUploadForInactiveUsersWithMissingFields" time="34.235" errors="0" timestamp="2024-06-28T16:36:38 IST" skipped="0">
  <testcase classname="net.testcases_worktimemodule.User_adminmenu.UsersBulkUploadForInactiveUsersWithMissingFields" name="usersBulkUploadForInactiveUsersWithMissingFields" time="34.235"/>
  <system-out/>
</testsuite> <!-- net.testcases_worktimemodule.User_adminmenu.UsersBulkUploadForInactiveUsersWithMissingFields -->
