<?xml version="1.0" encoding="UTF-8"?>
<!-- Generated by org.testng.reporters.JUnitReportReporter -->
<testsuite hostname="JAMOCHA30" failures="0" tests="1" name="net.testcases_worktimemodule.OrganizationSetting.OrganizationHeartBeatNotification" time="18.997" errors="0" timestamp="2024-06-27T14:06:53 IST" skipped="0">
  <testcase classname="net.testcases_worktimemodule.OrganizationSetting.OrganizationHeartBeatNotification" name="organizationHeartBeatNotification" time="18.997"/>
  <system-out/>
</testsuite> <!-- net.testcases_worktimemodule.OrganizationSetting.OrganizationHeartBeatNotification -->
