<?xml version="1.0" encoding="UTF-8"?>
<!-- Generated by org.testng.reporters.JUnitReportReporter -->
<testsuite hostname="JAMOCHA30" failures="0" tests="1" name="net.testcases_assetoptimizationmodule.softwaredefinitationCURDopertions.WorkStationGroupsCURD" time="29.019" errors="0" timestamp="2024-06-28T17:10:07 IST" skipped="0">
  <testcase classname="net.testcases_assetoptimizationmodule.softwaredefinitationCURDopertions.WorkStationGroupsCURD" name="workStationGroups" time="29.019"/>
  <system-out/>
</testsuite> <!-- net.testcases_assetoptimizationmodule.softwaredefinitationCURDopertions.WorkStationGroupsCURD -->
