<?xml version="1.0" encoding="UTF-8"?>
<!-- Generated by org.testng.reporters.JUnitReportReporter -->
<testsuite hostname="JAMOCHA30" failures="0" tests="1" name="net.testcases_worktimemodule.OrganizationSetting.OrganizationAllUserSelection" time="23.690" errors="0" timestamp="2024-06-27T13:04:24 IST" skipped="0">
  <testcase classname="net.testcases_worktimemodule.OrganizationSetting.OrganizationAllUserSelection" name="organizationAllUserSelection" time="23.690"/>
  <system-out/>
</testsuite> <!-- net.testcases_worktimemodule.OrganizationSetting.OrganizationAllUserSelection -->
