<?xml version="1.0" encoding="UTF-8"?>
<!-- Generated by org.testng.reporters.JUnitReportReporter -->
<testsuite hostname="JAMOCHA30" failures="0" tests="1" name="net.testcases_worktimemodule.validate_user_roles_administrationmenu.UserRolesModifyManagerEditCustomReports" time="14.600" errors="0" timestamp="2024-06-27T15:17:43 IST" skipped="0">
  <testcase classname="net.testcases_worktimemodule.validate_user_roles_administrationmenu.UserRolesModifyManagerEditCustomReports" name="userRolesModifyManagerEditCustomReports" time="14.600"/>
  <system-out/>
</testsuite> <!-- net.testcases_worktimemodule.validate_user_roles_administrationmenu.UserRolesModifyManagerEditCustomReports -->
