<?xml version="1.0" encoding="UTF-8"?>
<!-- Generated by org.testng.reporters.JUnitReportReporter -->
<testsuite hostname="JAMOCHA30" failures="0" tests="1" name="net.testcases_superadmin.ClientsAllocatedRequiredField" time="14.405" errors="0" timestamp="2024-06-26T21:19:21 IST" skipped="0">
  <testcase classname="net.testcases_superadmin.ClientsAllocatedRequiredField" name="clientsAllocatedRequiredField" time="14.405"/>
  <system-out/>
</testsuite> <!-- net.testcases_superadmin.ClientsAllocatedRequiredField -->
