<?xml version="1.0" encoding="UTF-8"?>
<!-- Generated by org.testng.reporters.JUnitReportReporter -->
<testsuite hostname="JAMOCHA30" failures="0" tests="1" name="net.testcases_worktimemodule.validate_worktemplate_addmodifydelete_administrationmenu.WorkTemplateAdd" time="37.267" errors="0" timestamp="2024-06-27T19:04:22 IST" skipped="0">
  <testcase classname="net.testcases_worktimemodule.validate_worktemplate_addmodifydelete_administrationmenu.WorkTemplateAdd" name="workTemplateAdd" time="37.267"/>
  <system-out/>
</testsuite> <!-- net.testcases_worktimemodule.validate_worktemplate_addmodifydelete_administrationmenu.WorkTemplateAdd -->
